


ARM Macro Assembler    Page 1 


    1 00000000         ; Print.s
    2 00000000         ; Student names: change this to your names or look very 
                       silly
    3 00000000         ; Last modification date: change this to the last modifi
                       cation date or look very silly
    4 00000000         ; Runs on LM4F120 or TM4C123
    5 00000000         ; EE319K lab 7 device driver for any LCD
    6 00000000         ;
    7 00000000         ; As part of Lab 7, students need to implement these LCD
                       _OutDec and LCD_OutFix
    8 00000000         ; This driver assumes two low-level LCD functions
    9 00000000         ; ST7735_OutChar   outputs a single 8-bit ASCII characte
                       r
   10 00000000         ; ST7735_OutString outputs a null-terminated string 
   11 00000000         
   12 00000000                 IMPORT           ST7735_OutChar
   13 00000000                 IMPORT           ST7735_OutString
   14 00000000                 EXPORT           LCD_OutDec
   15 00000000                 EXPORT           LCD_OutFix
   16 00000000         
   17 00000000                 AREA             |.text|, CODE, READONLY, ALIGN=
2
   18 00000000                 THUMB
   19 00000000         
   20 00000000         
   21 00000000         
   22 00000000         ;-----------------------LCD_OutDec----------------------
                       -
   23 00000000         ; Output a 32-bit number in unsigned decimal format
   24 00000000         ; Input: R0 (call by value) 32-bit unsigned number
   25 00000000         ; Output: none
   26 00000000         ; Invariables: This function must not permanently modify
                        registers R4 to R11
   27 00000000         LCD_OutDec
   28 00000000         
   29 00000000 00000004 
                       x       EQU              4
   30 00000000         ;Allocate the stack for local variable
   31 00000000 B082            SUB              SP, #8
   32 00000002 46EC            MOV              R12, SP
   33 00000004 F04F 0300       MOV              R3, #0
   34 00000008         ;Store local variable to the stack
   35 00000008 F04F 020A       MOV              R2, #10
   36 0000000C F8CC 2004       STR              R2, [R12,#x]
   37 00000010         
   38 00000010 4601    loop1   MOV              R1, R0
   39 00000012 F8DC 2004       LDR              R2, [R12,#x]
   40 00000016 FBB0 F0F2       UDIV             R0, R2
   41 0000001A FB00 F202       MUL              R2, R0, R2
   42 0000001E 1A8A            SUBS             R2, R1, R2
   43 00000020 B414            PUSH             {R2,R4}
   44 00000022 F103 0301       ADD              R3, #1
   45 00000026 2800            CMP              R0, #0
   46 00000028 D1F2            BNE              loop1
   47 0000002A BC11    loop2   POP              {R0,R4}
   48 0000002C F100 0030       ADD              R0, #0x30
   49 00000030 B508            PUSH             {LR,R3}
   50 00000032 F7FF FFFE       BL               ST7735_OutChar
   51 00000036 E8BD 4008       POP              {LR,R3}



ARM Macro Assembler    Page 2 


   52 0000003A 3B01            SUBS             R3, #1
   53 0000003C D1F5            BNE              loop2
   54 0000003E B002            ADD              SP, #8
   55 00000040 4770            BX               LR
   56 00000042         
   57 00000042 4770            BX               LR
   58 00000044         ;* * * * * * * * End of LCD_OutDec * * * * * * * *
   59 00000044         
   60 00000044         ; -----------------------LCD _OutFix--------------------
                       --
   61 00000044         ; Output characters to LCD display in fixed-point format
                       
   62 00000044         ; unsigned decimal, resolution 0.001, range 0.000 to 9.9
                       99
   63 00000044         ; Inputs:  R0 is an unsigned 32-bit number
   64 00000044         ; Outputs: none
   65 00000044         ; E.g., R0=0,    then output "0.000 "
   66 00000044         ;       R0=3,    then output "0.003 "
   67 00000044         ;       R0=89,   then output "0.089 "
   68 00000044         ;       R0=123,  then output "0.123 "
   69 00000044         ;       R0=9999, then output "9.999 "
   70 00000044         ;       R0>9999, then output "*.*** "
   71 00000044         ; Invariables: This function must not permanently modify
                        registers R4 to R11
   72 00000044         LCD_OutFix
   73 00000044         
   74 00000044 00000004 
                       y       EQU              4
   75 00000044         ;Allocate the stack for local variable
   76 00000044 B082            SUB              SP, #8
   77 00000046 46EC            MOV              R12, SP
   78 00000048 F04F 0300       MOV              R3, #0
   79 0000004C         ;Store local variable to the stack
   80 0000004C F04F 022E       MOV              R2, #0x2e
   81 00000050 F8CC 2004       STR              R2, [R12,#y]
   82 00000054         
   83 00000054 F242 710F       MOV              R1, #9999
   84 00000058 4288            CMP              R0, R1
   85 0000005A D838            BHI              OVER        ; If value is great
                                                            er than 9999, Print
                                                             *.***
   86 0000005C         
   87 0000005C         ; This block gets the first digit of the number 
   88 0000005C F44F 717A       MOV              R1,#1000
   89 00000060 4602            MOV              R2,R0       ; move input to R2
   90 00000062 FBB0 F0F1       UDIV             R0,R1       ; R0= R0/1000
   91 00000066 FB01 F100       MUL              R1,R0       ; R1= 1000*R0
   92 0000006A 1A52            SUBS             R2,R1       ; R2=End of Number
   93 0000006C F100 0030       ADD              R0, #0x30
   94 00000070 B504            PUSH             {LR,R2}
   95 00000072         ;first digit of input followed by a "."
   96 00000072 F7FF FFFE       BL               ST7735_OutChar ; Output R0 to d
                                                            isplay
   97 00000076 F8DC 0004       LDR              R0, [R12,#y]
   98 0000007A F7FF FFFE       BL               ST7735_OutChar ; Output a "."
   99 0000007E E8BD 4004       POP              {LR,R2}
  100 00000082         
  101 00000082 F04F 0164       MOV              R1, #100
  102 00000086 FBB2 F0F1       UDIV             R0, R2, R1  ; R0=R2/100



ARM Macro Assembler    Page 3 


  103 0000008A FB01 F100       MUL              R1,R0       ; R1 = 100*R0
  104 0000008E 1A52            SUBS             R2,R1       ; R2 = End of Numbe
                                                            r
  105 00000090 F100 0030       ADD              R0, #0x30
  106 00000094         ;second digit of input
  107 00000094 B504            PUSH             {LR,R2}
  108 00000096 F7FF FFFE       BL               ST7735_OutChar
  109 0000009A E8BD 4004       POP              {LR,R2}
  110 0000009E         
  111 0000009E F04F 010A       MOV              R1, #10
  112 000000A2 FBB2 F0F1       UDIV             R0, R2, R1  ; R0=R2/10
  113 000000A6 FB01 F100       MUL              R1,R0       ; R1= 10*R0
  114 000000AA 1A52            SUBS             R2,R1       ; R2= fourth digit
  115 000000AC F100 0030       ADD              R0, #0x30
  116 000000B0         ;third digit of input
  117 000000B0 B504            PUSH             {LR,R2}
  118 000000B2 F7FF FFFE       BL               ST7735_OutChar
  119 000000B6 E8BD 4004       POP              {LR,R2}
  120 000000BA         
  121 000000BA 4610            MOV              R0,R2
  122 000000BC F100 0030       ADD              R0, #0x30
  123 000000C0         ;fourth digit of input
  124 000000C0 B504            PUSH             {LR,R2}
  125 000000C2 F7FF FFFE       BL               ST7735_OutChar
  126 000000C6 E8BD 4004       POP              {LR,R2}
  127 000000CA B002            ADD              SP, #8
  128 000000CC 4770            BX               LR
  129 000000CE         
  130 000000CE         ;Prints *.*** to the display
  131 000000CE         
  132 000000CE F04F 002A 
                       OVER    MOV              R0, #0x2A
  133 000000D2 B504            PUSH             {LR,R2}
  134 000000D4 F7FF FFFE       BL               ST7735_OutChar
  135 000000D8 E8BD 4004       POP              {LR,R2}
  136 000000DC F8DC 0004       LDR              R0, [R12,#y]
  137 000000E0 B504            PUSH             {LR,R2}
  138 000000E2 F7FF FFFE       BL               ST7735_OutChar
  139 000000E6 E8BD 4004       POP              {LR,R2}
  140 000000EA F04F 002A       MOV              R0, #0x2A
  141 000000EE B504            PUSH             {LR,R2}
  142 000000F0 F7FF FFFE       BL               ST7735_OutChar
  143 000000F4 E8BD 4004       POP              {LR,R2}
  144 000000F8 F04F 002A       MOV              R0, #0x2A
  145 000000FC B504            PUSH             {LR,R2}
  146 000000FE F7FF FFFE       BL               ST7735_OutChar
  147 00000102 E8BD 4004       POP              {LR,R2}
  148 00000106 F04F 002A       MOV              R0, #0x2A
  149 0000010A B504            PUSH             {LR,R2}
  150 0000010C F7FF FFFE       BL               ST7735_OutChar
  151 00000110 E8BD 4004       POP              {LR,R2}
  152 00000114 B002            ADD              SP, #8
  153 00000116 4770            BX               LR
  154 00000118         
  155 00000118                 ALIGN
  156 00000118         ;* * * * * * * * End of LCD_OutFix * * * * * * * *
  157 00000118         
  158 00000118                 ALIGN                        ; make sure the end
                                                             of this section is



ARM Macro Assembler    Page 4 


                                                             aligned
  159 00000118                 END                          ; end of file
Command Line: --debug --xref --cpu=Cortex-M4 --apcs=interwork --depend=.\print.
d -o.\print.o -I\\Mac\Home\Documents\school\EE319K\Keil\ARM\RV31\INC -I\\Mac\Ho
me\Documents\school\EE319K\Keil\ARM\CMSIS\Include -I\\Mac\Home\Documents\school
\EE319K\Keil\ARM\Inc\Luminary --predefine="__MICROLIB SETA 1" --list=.\print.ls
t Print.s



ARM Macro Assembler    Page 1 Alphabetic symbol ordering
Relocatable symbols

.text 00000000

Symbol: .text
   Definitions
      At line 17 in file Print.s
   Uses
      None
Comment: .text unused
LCD_OutDec 00000000

Symbol: LCD_OutDec
   Definitions
      At line 27 in file Print.s
   Uses
      At line 14 in file Print.s
Comment: LCD_OutDec used once
LCD_OutFix 00000044

Symbol: LCD_OutFix
   Definitions
      At line 72 in file Print.s
   Uses
      At line 15 in file Print.s
Comment: LCD_OutFix used once
OVER 000000CE

Symbol: OVER
   Definitions
      At line 132 in file Print.s
   Uses
      At line 85 in file Print.s
Comment: OVER used once
loop1 00000010

Symbol: loop1
   Definitions
      At line 38 in file Print.s
   Uses
      At line 46 in file Print.s
Comment: loop1 used once
loop2 0000002A

Symbol: loop2
   Definitions
      At line 47 in file Print.s
   Uses
      At line 53 in file Print.s
Comment: loop2 used once
6 symbols



ARM Macro Assembler    Page 1 Alphabetic symbol ordering
Absolute symbols

x 00000004

Symbol: x
   Definitions
      At line 29 in file Print.s
   Uses
      At line 36 in file Print.s
      At line 39 in file Print.s

y 00000004

Symbol: y
   Definitions
      At line 74 in file Print.s
   Uses
      At line 81 in file Print.s
      At line 97 in file Print.s
      At line 136 in file Print.s

2 symbols



ARM Macro Assembler    Page 1 Alphabetic symbol ordering
External symbols

ST7735_OutChar 00000000

Symbol: ST7735_OutChar
   Definitions
      At line 12 in file Print.s
   Uses
      At line 50 in file Print.s
      At line 96 in file Print.s
      At line 98 in file Print.s
      At line 108 in file Print.s
      At line 118 in file Print.s
      At line 125 in file Print.s
      At line 134 in file Print.s
      At line 138 in file Print.s
      At line 142 in file Print.s
      At line 146 in file Print.s
      At line 150 in file Print.s

ST7735_OutString 00000000

Symbol: ST7735_OutString
   Definitions
      At line 13 in file Print.s
   Uses
      None
Comment: ST7735_OutString unused
2 symbols
341 symbols in table
